Added Component: Designator=J100(USB4105-GF-A-060)
Add component (AddParameter): Name = "Distributor Link"; Value = "https://eu.mouser.com/ProductDetail/GCT/USB4105-GF-A-060?qs=QNEnbhJQKvY2mocwNJzgfA%3D%3D"; VariantName = "[No Variations]"
Add component (AddParameter): Name = "Manufacturer"; Value = "GCT"; VariantName = "[No Variations]"
Add component (AddParameter): Name = "Manufacturer Part Number"; Value = "USB4105-GF-A-060"; VariantName = "[No Variations]"
Add component: Footprint Not Found SOT23-6
Added Pin To Net: NetName=GND Pin=J100-A1B12
Added Pin To Net: NetName=+VUSB Pin=J100-A4B9
Added Pin To Net: NetName=NetJ100_A5 Pin=J100-A5
Added Pin To Net: NetName=USB_D_P Pin=J100-A6
Added Pin To Net: NetName=USB_D_N Pin=J100-A7
Added Pin To Net: NetName=GND Pin=J100-B1A12
Added Pin To Net: NetName=+VUSB Pin=J100-B4A9
Added Pin To Net: NetName=NetJ100_B5 Pin=J100-B5
Added Pin To Net: NetName=USB_D_P Pin=J100-B6
Added Pin To Net: NetName=USB_D_N Pin=J100-B7
Add Pin To Net: Unknown Pin: Pin U100-1
Add Pin To Net: Unknown Pin: Pin U100-2
Add Pin To Net: Unknown Pin: Pin U100-3
Add Pin To Net: Unknown Pin: Pin U100-4
Add Pin To Net: Unknown Pin: Pin U100-5
Add Pin To Net: Unknown Pin: Pin U100-6
